Determining if the pthread_create exist failed with the following output:
Change Dir: /home/zwj/Udacity/sensor-fusion/SFND_Lidar_Obstacle_Detection/src/quiz/ransac/build/CMakeFiles/CMakeTmp

Run Build Command:"/usr/bin/make" "cmTC_4c64d/fast"
/usr/bin/make -f CMakeFiles/cmTC_4c64d.dir/build.make CMakeFiles/cmTC_4c64d.dir/build
make[1]: Entering directory '/home/zwj/Udacity/sensor-fusion/SFND_Lidar_Obstacle_Detection/src/quiz/ransac/build/CMakeFiles/CMakeTmp'
Building C object CMakeFiles/cmTC_4c64d.dir/CheckSymbolExists.c.o
/usr/bin/gcc-5     -o CMakeFiles/cmTC_4c64d.dir/CheckSymbolExists.c.o   -c /home/zwj/Udacity/sensor-fusion/SFND_Lidar_Obstacle_Detection/src/quiz/ransac/build/CMakeFiles/CMakeTmp/CheckSymbolExists.c
Linking C executable cmTC_4c64d
/usr/bin/cmake -E cmake_link_script CMakeFiles/cmTC_4c64d.dir/link.txt --verbose=1
/usr/bin/gcc-5       CMakeFiles/cmTC_4c64d.dir/CheckSymbolExists.c.o  -o cmTC_4c64d -rdynamic 
CMakeFiles/cmTC_4c64d.dir/CheckSymbolExists.c.o: In function `main':
CheckSymbolExists.c:(.text+0x16): undefined reference to `pthread_create'
collect2: error: ld returned 1 exit status
CMakeFiles/cmTC_4c64d.dir/build.make:97: recipe for target 'cmTC_4c64d' failed
make[1]: *** [cmTC_4c64d] Error 1
make[1]: Leaving directory '/home/zwj/Udacity/sensor-fusion/SFND_Lidar_Obstacle_Detection/src/quiz/ransac/build/CMakeFiles/CMakeTmp'
Makefile:126: recipe for target 'cmTC_4c64d/fast' failed
make: *** [cmTC_4c64d/fast] Error 2

File /home/zwj/Udacity/sensor-fusion/SFND_Lidar_Obstacle_Detection/src/quiz/ransac/build/CMakeFiles/CMakeTmp/CheckSymbolExists.c:
/* */
#include <pthread.h>

int main(int argc, char** argv)
{
  (void)argv;
#ifndef pthread_create
  return ((int*)(&pthread_create))[argc];
#else
  (void)argc;
  return 0;
#endif
}

Determining if the function pthread_create exists in the pthreads failed with the following output:
Change Dir: /home/zwj/Udacity/sensor-fusion/SFND_Lidar_Obstacle_Detection/src/quiz/ransac/build/CMakeFiles/CMakeTmp

Run Build Command:"/usr/bin/make" "cmTC_48791/fast"
/usr/bin/make -f CMakeFiles/cmTC_48791.dir/build.make CMakeFiles/cmTC_48791.dir/build
make[1]: Entering directory '/home/zwj/Udacity/sensor-fusion/SFND_Lidar_Obstacle_Detection/src/quiz/ransac/build/CMakeFiles/CMakeTmp'
Building C object CMakeFiles/cmTC_48791.dir/CheckFunctionExists.c.o
/usr/bin/gcc-5    -DCHECK_FUNCTION_EXISTS=pthread_create   -o CMakeFiles/cmTC_48791.dir/CheckFunctionExists.c.o   -c /usr/share/cmake-3.5/Modules/CheckFunctionExists.c
Linking C executable cmTC_48791
/usr/bin/cmake -E cmake_link_script CMakeFiles/cmTC_48791.dir/link.txt --verbose=1
/usr/bin/gcc-5   -DCHECK_FUNCTION_EXISTS=pthread_create    CMakeFiles/cmTC_48791.dir/CheckFunctionExists.c.o  -o cmTC_48791 -rdynamic -lpthreads 
/usr/bin/ld: cannot find -lpthreads
collect2: error: ld returned 1 exit status
CMakeFiles/cmTC_48791.dir/build.make:97: recipe for target 'cmTC_48791' failed
make[1]: *** [cmTC_48791] Error 1
make[1]: Leaving directory '/home/zwj/Udacity/sensor-fusion/SFND_Lidar_Obstacle_Detection/src/quiz/ransac/build/CMakeFiles/CMakeTmp'
Makefile:126: recipe for target 'cmTC_48791/fast' failed
make: *** [cmTC_48791/fast] Error 2


